Using pre-set license
Built from '2020.3/staging' branch; Version is '2020.3.11f1 (99c7afb366b3) revision 10078127'; Using compiler version '192528614'; Build Type 'Release'
OS: 'Windows 10 Pro; OS build 19042.1052; Version 2009; 64bit' Language: 'pt' Physical Memory: 12231 MB
BatchMode: 1, IsHumanControllingUs: 0, StartBugReporterOnCrash: 0, Is64bit: 1, IsPro: 0

 COMMAND LINE ARGUMENTS:
C:\Program Files\Unity\Hub\Editor\2020.3.11f1\Editor\Unity.exe
-adb2
-batchMode
-noUpm
-name
AssetImportWorker1
-projectPath
E:/bkp/GitHub/BalloonFightRemake
-logFile
Logs/AssetImportWorker1.log
-srvPort
49317
Successfully changed project path to: E:/bkp/GitHub/BalloonFightRemake
E:/bkp/GitHub/BalloonFightRemake
Using Asset Import Pipeline V2.
Refreshing native plugins compatible for Editor in 106.38 ms, found 2 plugins.
Preloading 0 native plugins for Editor in 0.00 ms.
Initialize engine version: 2020.3.11f1 (99c7afb366b3)
[Subsystems] Discovering subsystems at path C:/Program Files/Unity/Hub/Editor/2020.3.11f1/Editor/Data/Resources/UnitySubsystems
[Subsystems] Discovering subsystems at path E:/bkp/GitHub/BalloonFightRemake/Assets
GfxDevice: creating device client; threaded=0
Direct3D:
    Version:  Direct3D 11.0 [level 11.1]
    Renderer: NVIDIA GeForce GTX 1060 3GB (ID=0x1c02)
    Vendor:   
    VRAM:     2988 MB
    Driver:   27.21.14.6259
Shader 'Universal Render Pipeline/Particles/Lit': fallback shader 'Universal Render Pipeline/Particles/SimpleLit' not found
Initialize mono
Mono path[0] = 'C:/Program Files/Unity/Hub/Editor/2020.3.11f1/Editor/Data/Managed'
Mono path[1] = 'C:/Program Files/Unity/Hub/Editor/2020.3.11f1/Editor/Data/MonoBleedingEdge/lib/mono/unityjit'
Mono config path = 'C:/Program Files/Unity/Hub/Editor/2020.3.11f1/Editor/Data/MonoBleedingEdge/etc'
Using monoOptions --debugger-agent=transport=dt_socket,embedding=1,server=y,suspend=n,address=127.0.0.1:56548
Begin MonoManager ReloadAssembly
Registering precompiled unity dll's ...
Register platform support module: C:/Program Files/Unity/Hub/Editor/2020.3.11f1/Editor/Data/PlaybackEngines/MacStandaloneSupport/UnityEditor.OSXStandalone.Extensions.dll
Register platform support module: C:/Program Files/Unity/Hub/Editor/2020.3.11f1/Editor/Data/PlaybackEngines/WindowsStandaloneSupport/UnityEditor.WindowsStandalone.Extensions.dll
Register platform support module: C:/Program Files/Unity/Hub/Editor/2020.3.11f1/Editor/Data/PlaybackEngines/LinuxStandaloneSupport/UnityEditor.LinuxStandalone.Extensions.dll
Registered in 0.004255 seconds.
Native extension for LinuxStandalone target not found
Native extension for WindowsStandalone target not found
Native extension for OSXStandalone target not found
Refreshing native plugins compatible for Editor in 74.85 ms, found 2 plugins.
Preloading 0 native plugins for Editor in 0.00 ms.
Mono: successfully reloaded assembly
- Completed reload, in  1.854 seconds
Platform modules already initialized, skipping
Registering precompiled user dll's ...
Registered in 0.008417 seconds.
Begin MonoManager ReloadAssembly
Native extension for LinuxStandalone target not found
Native extension for WindowsStandalone target not found
Native extension for OSXStandalone target not found
Refreshing native plugins compatible for Editor in 79.42 ms, found 2 plugins.
Preloading 0 native plugins for Editor in 0.00 ms.
Mono: successfully reloaded assembly
- Completed reload, in  1.751 seconds
Platform modules already initialized, skipping
========================================================================
Worker process is ready to serve import requests
Shader 'Universal Render Pipeline/Particles/Lit': fallback shader 'Universal Render Pipeline/Particles/SimpleLit' not found
Launched and connected shader compiler UnityShaderCompiler.exe after 0.11 seconds
Refreshing native plugins compatible for Editor in 0.73 ms, found 2 plugins.
Preloading 0 native plugins for Editor in 0.00 ms.
Unloading 2880 Unused Serialized files (Serialized files now loaded: 0)
System memory in use before: 130.5 MB.
System memory in use after: 130.7 MB.

Unloading 28 unused Assets to reduce memory usage. Loaded Objects now: 3307.
Total: 3.011400 ms (FindLiveObjects: 0.284100 ms CreateObjectMapping: 0.125900 ms MarkObjects: 2.462300 ms  DeleteObjects: 0.137600 ms)

========================================================================
Received Import Request.
  path: Assets/enemy/enemyscrips/enemy.cs
  artifactKey: Guid(effffc1bece7d2649bd91428f812b76c) Importer(815301076,1909f56bfc062723c751e8b465ee728b)
Start importing Assets/enemy/enemyscrips/enemy.cs using Guid(effffc1bece7d2649bd91428f812b76c) Importer(815301076,1909f56bfc062723c751e8b465ee728b)  -> (artifact id: 'ae98f5892e47aa78e155e5d2aabeaeed') in 0.042941 seconds
  Import took 0.048520 seconds .

========================================================================
Received Prepare
Registering precompiled user dll's ...
Registered in 0.008908 seconds.
Begin MonoManager ReloadAssembly
Native extension for LinuxStandalone target not found
Native extension for WindowsStandalone target not found
Native extension for OSXStandalone target not found
Refreshing native plugins compatible for Editor in 0.81 ms, found 2 plugins.
Preloading 0 native plugins for Editor in 0.00 ms.
Mono: successfully reloaded assembly
- Completed reload, in  1.571 seconds
Platform modules already initialized, skipping
Shader 'Universal Render Pipeline/Particles/Lit': fallback shader 'Universal Render Pipeline/Particles/SimpleLit' not found
Refreshing native plugins compatible for Editor in 0.79 ms, found 2 plugins.
Preloading 0 native plugins for Editor in 0.00 ms.
Unloading 2769 Unused Serialized files (Serialized files now loaded: 0)
System memory in use before: 123.3 MB.
System memory in use after: 123.5 MB.

Unloading 23 unused Assets to reduce memory usage. Loaded Objects now: 3310.
Total: 2.712500 ms (FindLiveObjects: 0.272000 ms CreateObjectMapping: 0.124600 ms MarkObjects: 2.284000 ms  DeleteObjects: 0.030000 ms)

========================================================================
Received Import Request.
  Time since last request: 264.592532 seconds.
  path: Assets/enemy/enchendo.fbx
  artifactKey: Guid(86bbaced5d201064f9911c41e88ad94c) Importer(815301076,1909f56bfc062723c751e8b465ee728b)
Start importing Assets/enemy/enchendo.fbx using Guid(86bbaced5d201064f9911c41e88ad94c) Importer(815301076,1909f56bfc062723c751e8b465ee728b)  -> (artifact id: '97d40b1ccbb9cbe6c722c4b6ddc8977c') in 1.091052 seconds
  Import took 1.100248 seconds .

AssetImportWorkerClient::OnTransportError - code=2 error=End of file
