Using pre-set license
Built from '2020.3/staging' branch; Version is '2020.3.11f1 (99c7afb366b3) revision 10078127'; Using compiler version '192528614'; Build Type 'Release'
OS: 'Windows 10 Pro; OS build 19041.1052; Version 2004; 64bit' Language: 'pt' Physical Memory: 8150 MB
BatchMode: 1, IsHumanControllingUs: 0, StartBugReporterOnCrash: 0, Is64bit: 1, IsPro: 0

 COMMAND LINE ARGUMENTS:
E:\Program Files\Unity Editors\2020.3.11f1\Editor\Unity.exe
-adb2
-batchMode
-noUpm
-name
AssetImportWorker0
-projectPath
E:/Espec/GD/BalloonFightRemake
-logFile
Logs/AssetImportWorker0.log
-srvPort
61376
Successfully changed project path to: E:/Espec/GD/BalloonFightRemake
E:/Espec/GD/BalloonFightRemake
Using Asset Import Pipeline V2.
Refreshing native plugins compatible for Editor in 72.39 ms, found 4 plugins.
Preloading 0 native plugins for Editor in 0.00 ms.
Initialize engine version: 2020.3.11f1 (99c7afb366b3)
[Subsystems] Discovering subsystems at path E:/Program Files/Unity Editors/2020.3.11f1/Editor/Data/Resources/UnitySubsystems
[Subsystems] Discovering subsystems at path E:/Espec/GD/BalloonFightRemake/Assets
GfxDevice: creating device client; threaded=0
Direct3D:
    Version:  Direct3D 11.0 [level 11.1]
    Renderer: NVIDIA GeForce GTX 1050 Ti (ID=0x1c82)
    Vendor:   
    VRAM:     4018 MB
    Driver:   27.21.14.5730
Shader 'Universal Render Pipeline/Particles/Lit': fallback shader 'Universal Render Pipeline/Particles/SimpleLit' not found
Initialize mono
Mono path[0] = 'E:/Program Files/Unity Editors/2020.3.11f1/Editor/Data/Managed'
Mono path[1] = 'E:/Program Files/Unity Editors/2020.3.11f1/Editor/Data/MonoBleedingEdge/lib/mono/unityjit'
Mono config path = 'E:/Program Files/Unity Editors/2020.3.11f1/Editor/Data/MonoBleedingEdge/etc'
Using monoOptions --debugger-agent=transport=dt_socket,embedding=1,server=y,suspend=n,address=127.0.0.1:56444
Begin MonoManager ReloadAssembly
Registering precompiled unity dll's ...
Register platform support module: E:/Program Files/Unity Editors/2020.3.11f1/Editor/Data/PlaybackEngines/WindowsStandaloneSupport/UnityEditor.WindowsStandalone.Extensions.dll
Registered in 0.001637 seconds.
Native extension for WindowsStandalone target not found
Refreshing native plugins compatible for Editor in 157.02 ms, found 4 plugins.
Preloading 0 native plugins for Editor in 0.00 ms.
Mono: successfully reloaded assembly
- Completed reload, in  2.711 seconds
Platform modules already initialized, skipping
Registering precompiled user dll's ...
Registered in 0.018852 seconds.
Begin MonoManager ReloadAssembly
Native extension for WindowsStandalone target not found
Refreshing native plugins compatible for Editor in 63.84 ms, found 4 plugins.
Preloading 0 native plugins for Editor in 0.00 ms.
Mono: successfully reloaded assembly
- Completed reload, in  1.551 seconds
Platform modules already initialized, skipping
========================================================================
Worker process is ready to serve import requests
Shader 'Universal Render Pipeline/Particles/Lit': fallback shader 'Universal Render Pipeline/Particles/SimpleLit' not found
Launched and connected shader compiler UnityShaderCompiler.exe after 0.27 seconds
Refreshing native plugins compatible for Editor in 0.65 ms, found 4 plugins.
Preloading 0 native plugins for Editor in 0.00 ms.
Unloading 2918 Unused Serialized files (Serialized files now loaded: 0)
System memory in use before: 133.4 MB.
System memory in use after: 133.6 MB.

Unloading 45 unused Assets to reduce memory usage. Loaded Objects now: 3370.
Total: 4.175200 ms (FindLiveObjects: 0.298600 ms CreateObjectMapping: 0.163800 ms MarkObjects: 3.615200 ms  DeleteObjects: 0.096100 ms)

========================================================================
Received Import Request.
  path: Assets/Player/Jogador.prefab
  artifactKey: Guid(ee93db849e8f4b1479600e56c75108d5) Importer(815301076,1909f56bfc062723c751e8b465ee728b)
Start importing Assets/Player/Jogador.prefab using Guid(ee93db849e8f4b1479600e56c75108d5) Importer(815301076,1909f56bfc062723c751e8b465ee728b)  -> (artifact id: '5e5f6476895337ea21a57097660b3f4b') in 0.454583 seconds
  Import took 0.465735 seconds .

AssetImportWorkerClient::OnTransportError - code=2 error=End of file
